<?xml version="1.0" encoding="UTF-8"?>
<!-- Generated by org.testng.reporters.JUnitXMLReporter -->
<testsuite ignored="0" hostname="DESKTOP-AL847SF" failures="0" tests="5" name="Test" time="152.201" errors="0" timestamp="2022-07-29T16:43:31 IST">
  <testcase classname="com.swiggy.pages.LocationPage" name="locationpage" time="41.277"/>
  <testcase classname="com.swiggy.pages.HelpPage" name="HelpDetails" time="7.304"/>
  <testcase classname="com.swiggy.pages.LoginPage" name="loginpage" time="7.181"/>
  <testcase classname="com.swiggy.pages.SignUpPage" name="signUpProcess" time="17.789"/>
  <testcase classname="com.swiggy.pages.OffersPage" name="offetingDetails" time="11.477"/>
</testsuite> <!-- Test -->
